<?xml version="1.0" encoding="UTF-8" ?>
<testsuite tests="10" failures="0" name="TestSuite" time="44.354" errors="0" skipped="0">
  <properties>
    <property name="java.runtime.name" value="Java(TM) SE Runtime Environment"/>
    <property name="java.vm.version" value="17.0.8+9-LTS-211"/>
    <property name="sun.boot.library.path" value="C:\Program Files\Java\jdk-17\bin"/>
    <property name="maven.multiModuleProjectDirectory" value="D:\NAGP\eclips\seleniumAutomation"/>
    <property name="java.vm.vendor" value="Oracle Corporation"/>
    <property name="java.vendor.url" value="https://java.oracle.com/"/>
    <property name="guice.disable.misplaced.annotation.check" value="true"/>
    <property name="path.separator" value=";"/>
    <property name="java.vm.name" value="Java HotSpot(TM) 64-Bit Server VM"/>
    <property name="sun.os.patch.level" value=""/>
    <property name="user.script" value=""/>
    <property name="user.country" value="IN"/>
    <property name="sun.java.launcher" value="SUN_STANDARD"/>
    <property name="java.vm.specification.name" value="Java Virtual Machine Specification"/>
    <property name="user.dir" value="D:\NAGP\eclips\seleniumAutomation"/>
    <property name="java.vm.compressedOopsMode" value="Zero based"/>
    <property name="java.runtime.version" value="17.0.8+9-LTS-211"/>
    <property name="os.arch" value="amd64"/>
    <property name="java.io.tmpdir" value="C:\Users\SOUNAK~1\AppData\Local\Temp\"/>
    <property name="line.separator" value="
"/>
    <property name="java.vm.specification.vendor" value="Oracle Corporation"/>
    <property name="user.variant" value=""/>
    <property name="os.name" value="Windows 10"/>
    <property name="classworlds.conf" value="D:\NAGP\NAGP Selenium Assignment\seleniumAutomation\.metadata\.plugins\org.eclipse.m2e.launching\launches\m2conf9323465025311970940.tmp"/>
    <property name="sun.jnu.encoding" value="Cp1252"/>
    <property name="java.library.path" value="C:\Program Files\Java\jdk-17\bin;C:\Windows\Sun\Java\bin;C:\Windows\system32;C:\Windows;C:/Users/sounakroy/.p2/pool/plugins/org.eclipse.justj.openjdk.hotspot.jre.full.win32.x86_64_17.0.1.v20211116-1657/jre/bin/server;C:/Users/sounakroy/.p2/pool/plugins/org.eclipse.justj.openjdk.hotspot.jre.full.win32.x86_64_17.0.1.v20211116-1657/jre/bin;C:\Program Files\Common Files\Oracle\Java\javapath;C:\Program Files\Microsoft MPI\Bin\;C:\Windows\system32;C:\Windows;C:\Windows\System32\Wbem;C:\Windows\System32\WindowsPowerShell\v1.0\;C:\Windows\System32\OpenSSH\;C:\Program Files\TortoiseSVN\bin;C:\Program Files\dotnet\;C:\Program Files\Java\jdk-17\bin;C:\Program Files\Microsoft SQL Server\130\Tools\Binn\;C:\Program Files\Microsoft SQL Server\Client SDK\ODBC\170\Tools\Binn\;C:\Program Files\nodejs\;C:\Program Files\Azure Data Studio\bin;C:\Program Files (x86)\Microsoft SQL Server\140\Tools\Binn\;C:\Program Files\Microsoft SQL Server\140\Tools\Binn\;C:\Program Files (x86)\Microsoft SQL Server\140\DTS\Binn\;C:\Program Files\Microsoft SQL Server\140\DTS\Binn\;C:\Program Files\Microsoft SQL Server\Client SDK\ODBC\130\Tools\Binn\;C:\Program Files\Java\jdk-17;C:\Program Files (x86)\dotnet\;C:\Program Files (x86)\Microsoft SQL Server\150\Tools\Binn\;C:\Program Files\Microsoft SQL Server\150\Tools\Binn\;C:\Program Files\Microsoft SQL Server\150\DTS\Binn\;C:\Users\sounakroy\AppData\Local\Android\Sdk\platform-tools;C:\Users\sounakroy\AppData\Local\Android\Sdk\tools;C:\Users\sounakroy\AppData\Local\Android\Sdk\tools\bin;C:\oracle\ODAC112021_x64\bin;C:\Program Files\TortoiseGit\bin;C:\Program Files\Microsoft VS Code\bin;C:\Users\sounakroy\AppData\Roaming\npm\node_modules;C:\Program Files\Cloudflare\Cloudflare WARP\;C:\apache-maven-3.8.4\bin;C:\Program Files\Java\jdk-17\bin;C:\Program Files\Git\cmd;C:\Users\sounakroy\AppData\Local\Programs\Python\Python310\Scripts\;C:\Users\sounakroy\AppData\Local\Programs\Python\Python310\;C:\Users\sounakroy\AppData\Local\Microsoft\WindowsApps;C:\Users\sounakroy\.dotnet\tools;C:\Users\sounakroy\AppData\Roaming\npm;C:\Program Files\Azure Data Studio\bin;C:\apache-maven-3.8.4\bin;C:\Program Files\RedHat\java-1.8.0-openjdk-1.8.0.302-1\bin;C:\Users\sounakroy\AppData\Local\Android\Sdk\platform-tools;C:\Users\sounakroy\AppData\Local\Android\Sdk\tools;;C:\Windows\System32;;."/>
    <property name="jdk.debug" value="release"/>
    <property name="java.class.version" value="61.0"/>
    <property name="java.specification.name" value="Java Platform API Specification"/>
    <property name="sun.management.compiler" value="HotSpot 64-Bit Tiered Compilers"/>
    <property name="os.version" value="10.0"/>
    <property name="user.home" value="C:\Users\sounakroy"/>
    <property name="user.timezone" value="Asia/Calcutta"/>
    <property name="file.encoding" value="Cp1252"/>
    <property name="java.specification.version" value="17"/>
    <property name="user.name" value="sounakroy"/>
    <property name="java.class.path" value="C:\Users\sounakroy\.p2\pool\plugins\org.eclipse.m2e.maven.runtime_1.18.0.20210618-2246\jars\plexus-classworlds-2.6.0.jar"/>
    <property name="java.vm.specification.version" value="17"/>
    <property name="sun.arch.data.model" value="64"/>
    <property name="sun.java.command" value="org.codehaus.plexus.classworlds.launcher.Launcher -B test"/>
    <property name="java.home" value="C:\Program Files\Java\jdk-17"/>
    <property name="user.language" value="en"/>
    <property name="java.specification.vendor" value="Oracle Corporation"/>
    <property name="java.vm.info" value="mixed mode, sharing"/>
    <property name="java.version" value="17.0.8"/>
    <property name="native.encoding" value="Cp1252"/>
    <property name="java.vendor" value="Oracle Corporation"/>
    <property name="maven.home" value="D:\NAGP\eclips\seleniumAutomation\EMBEDDED"/>
    <property name="file.separator" value="\"/>
    <property name="java.version.date" value="2023-07-18"/>
    <property name="java.vendor.url.bug" value="https://bugreport.java.com/bugreport/"/>
    <property name="sun.io.unicode.encoding" value="UnicodeLittle"/>
    <property name="sun.cpu.endian" value="little"/>
    <property name="sun.cpu.isalist" value="amd64"/>
  </properties>
  <testcase classname="com.magento.test.GearTest" name="BagButtonTest" time="3.585"/>
  <testcase classname="com.magento.test.GearTest" name="FitnessEquipmentButtonTest" time="7.201"/>
  <testcase classname="com.magento.test.GearTest" name="WatchesButtonTest" time="5.224"/>
  <testcase classname="com.magento.test.HomeTest" name="WomenButtonTest" time="3.371"/>
  <testcase classname="com.magento.test.SaleTest" name="BagsLinkTest" time="6.525"/>
  <testcase classname="com.magento.test.SaleTest" name="FitnessEquipmentLinkTest" time="5.895"/>
  <testcase classname="com.magento.test.SearchTest" name="invalidSearchTest" time="2.857"/>
  <testcase classname="com.magento.test.SearchTest" name="invalidSearchTest" time="2.837"/>
  <testcase classname="com.magento.test.SearchTest" name="validSearchTest" time="4.32"/>
  <testcase classname="com.magento.test.SearchTest" name="validSearchTest" time="2.539"/>
</testsuite>