<?xml version="1.0" encoding="UTF-8"?>
<testsuite xmlns:xsi="http://www.w3.org/2001/XMLSchema-instance" xsi:noNamespaceSchemaLocation="https://maven.apache.org/surefire/maven-surefire-plugin/xsd/surefire-test-report-3.0.xsd" version="3.0" name="TestSuite" time="162.249" tests="10" errors="0" skipped="0" failures="0">
  <properties>
    <property name="sun.desktop" value="windows"/>
    <property name="awt.toolkit" value="sun.awt.windows.WToolkit"/>
    <property name="file.encoding.pkg" value="sun.io"/>
    <property name="java.specification.version" value="1.8"/>
    <property name="sun.cpu.isalist" value="amd64"/>
    <property name="sun.jnu.encoding" value="Cp1252"/>
    <property name="java.class.path" value="D:\NAGP\eclips\seleniumAutomation\target\test-classes;D:\NAGP\eclips\seleniumAutomation\target\classes;C:\Users\sounakroy\.m2\repository\org\seleniumhq\selenium\selenium-java\4.8.3\selenium-java-4.8.3.jar;C:\Users\sounakroy\.m2\repository\org\seleniumhq\selenium\selenium-api\4.8.3\selenium-api-4.8.3.jar;C:\Users\sounakroy\.m2\repository\org\seleniumhq\selenium\selenium-chrome-driver\4.8.3\selenium-chrome-driver-4.8.3.jar;C:\Users\sounakroy\.m2\repository\com\google\auto\service\auto-service-annotations\1.0.1\auto-service-annotations-1.0.1.jar;C:\Users\sounakroy\.m2\repository\com\google\auto\service\auto-service\1.0.1\auto-service-1.0.1.jar;C:\Users\sounakroy\.m2\repository\com\google\auto\auto-common\1.2\auto-common-1.2.jar;C:\Users\sounakroy\.m2\repository\com\google\guava\guava\31.1-jre\guava-31.1-jre.jar;C:\Users\sounakroy\.m2\repository\com\google\guava\failureaccess\1.0.1\failureaccess-1.0.1.jar;C:\Users\sounakroy\.m2\repository\com\google\guava\listenablefuture\9999.0-empty-to-avoid-conflict-with-guava\listenablefuture-9999.0-empty-to-avoid-conflict-with-guava.jar;C:\Users\sounakroy\.m2\repository\com\google\code\findbugs\jsr305\3.0.2\jsr305-3.0.2.jar;C:\Users\sounakroy\.m2\repository\org\checkerframework\checker-qual\3.12.0\checker-qual-3.12.0.jar;C:\Users\sounakroy\.m2\repository\com\google\errorprone\error_prone_annotations\2.11.0\error_prone_annotations-2.11.0.jar;C:\Users\sounakroy\.m2\repository\com\google\j2objc\j2objc-annotations\1.3\j2objc-annotations-1.3.jar;C:\Users\sounakroy\.m2\repository\org\seleniumhq\selenium\selenium-chromium-driver\4.8.3\selenium-chromium-driver-4.8.3.jar;C:\Users\sounakroy\.m2\repository\org\seleniumhq\selenium\selenium-json\4.8.3\selenium-json-4.8.3.jar;C:\Users\sounakroy\.m2\repository\org\seleniumhq\selenium\selenium-manager\4.8.3\selenium-manager-4.8.3.jar;C:\Users\sounakroy\.m2\repository\org\seleniumhq\selenium\selenium-devtools-v109\4.8.3\selenium-devtools-v109-4.8.3.jar;C:\Users\sounakroy\.m2\repository\org\seleniumhq\selenium\selenium-devtools-v110\4.8.3\selenium-devtools-v110-4.8.3.jar;C:\Users\sounakroy\.m2\repository\org\seleniumhq\selenium\selenium-devtools-v111\4.8.3\selenium-devtools-v111-4.8.3.jar;C:\Users\sounakroy\.m2\repository\org\seleniumhq\selenium\selenium-devtools-v85\4.8.3\selenium-devtools-v85-4.8.3.jar;C:\Users\sounakroy\.m2\repository\org\seleniumhq\selenium\selenium-edge-driver\4.8.3\selenium-edge-driver-4.8.3.jar;C:\Users\sounakroy\.m2\repository\org\seleniumhq\selenium\selenium-firefox-driver\4.8.3\selenium-firefox-driver-4.8.3.jar;C:\Users\sounakroy\.m2\repository\org\seleniumhq\selenium\selenium-http\4.8.3\selenium-http-4.8.3.jar;C:\Users\sounakroy\.m2\repository\dev\failsafe\failsafe\3.3.1\failsafe-3.3.1.jar;C:\Users\sounakroy\.m2\repository\org\seleniumhq\selenium\selenium-ie-driver\4.8.3\selenium-ie-driver-4.8.3.jar;C:\Users\sounakroy\.m2\repository\org\seleniumhq\selenium\selenium-remote-driver\4.8.3\selenium-remote-driver-4.8.3.jar;C:\Users\sounakroy\.m2\repository\io\netty\netty-buffer\4.1.90.Final\netty-buffer-4.1.90.Final.jar;C:\Users\sounakroy\.m2\repository\io\netty\netty-codec-http\4.1.90.Final\netty-codec-http-4.1.90.Final.jar;C:\Users\sounakroy\.m2\repository\io\netty\netty-codec\4.1.90.Final\netty-codec-4.1.90.Final.jar;C:\Users\sounakroy\.m2\repository\io\netty\netty-handler\4.1.90.Final\netty-handler-4.1.90.Final.jar;C:\Users\sounakroy\.m2\repository\io\netty\netty-common\4.1.90.Final\netty-common-4.1.90.Final.jar;C:\Users\sounakroy\.m2\repository\io\netty\netty-transport-classes-epoll\4.1.90.Final\netty-transport-classes-epoll-4.1.90.Final.jar;C:\Users\sounakroy\.m2\repository\io\netty\netty-transport-classes-kqueue\4.1.90.Final\netty-transport-classes-kqueue-4.1.90.Final.jar;C:\Users\sounakroy\.m2\repository\io\netty\netty-transport-native-epoll\4.1.90.Final\netty-transport-native-epoll-4.1.90.Final.jar;C:\Users\sounakroy\.m2\repository\io\netty\netty-transport-native-kqueue\4.1.90.Final\netty-transport-native-kqueue-4.1.90.Final.jar;C:\Users\sounakroy\.m2\repository\io\netty\netty-transport-native-unix-common\4.1.90.Final\netty-transport-native-unix-common-4.1.90.Final.jar;C:\Users\sounakroy\.m2\repository\io\netty\netty-transport\4.1.90.Final\netty-transport-4.1.90.Final.jar;C:\Users\sounakroy\.m2\repository\io\netty\netty-resolver\4.1.90.Final\netty-resolver-4.1.90.Final.jar;C:\Users\sounakroy\.m2\repository\io\opentelemetry\opentelemetry-api\1.24.0\opentelemetry-api-1.24.0.jar;C:\Users\sounakroy\.m2\repository\io\opentelemetry\opentelemetry-context\1.24.0\opentelemetry-context-1.24.0.jar;C:\Users\sounakroy\.m2\repository\io\opentelemetry\opentelemetry-exporter-logging\1.24.0\opentelemetry-exporter-logging-1.24.0.jar;C:\Users\sounakroy\.m2\repository\io\opentelemetry\opentelemetry-sdk-metrics\1.24.0\opentelemetry-sdk-metrics-1.24.0.jar;C:\Users\sounakroy\.m2\repository\io\opentelemetry\opentelemetry-sdk-logs\1.24.0-alpha\opentelemetry-sdk-logs-1.24.0-alpha.jar;C:\Users\sounakroy\.m2\repository\io\opentelemetry\opentelemetry-api-logs\1.24.0-alpha\opentelemetry-api-logs-1.24.0-alpha.jar;C:\Users\sounakroy\.m2\repository\io\opentelemetry\opentelemetry-api-events\1.24.0-alpha\opentelemetry-api-events-1.24.0-alpha.jar;C:\Users\sounakroy\.m2\repository\io\opentelemetry\opentelemetry-sdk-common\1.24.0\opentelemetry-sdk-common-1.24.0.jar;C:\Users\sounakroy\.m2\repository\io\opentelemetry\opentelemetry-sdk-extension-autoconfigure-spi\1.24.0\opentelemetry-sdk-extension-autoconfigure-spi-1.24.0.jar;C:\Users\sounakroy\.m2\repository\io\opentelemetry\opentelemetry-sdk-extension-autoconfigure\1.24.0-alpha\opentelemetry-sdk-extension-autoconfigure-1.24.0-alpha.jar;C:\Users\sounakroy\.m2\repository\io\opentelemetry\opentelemetry-sdk-trace\1.24.0\opentelemetry-sdk-trace-1.24.0.jar;C:\Users\sounakroy\.m2\repository\io\opentelemetry\opentelemetry-sdk\1.24.0\opentelemetry-sdk-1.24.0.jar;C:\Users\sounakroy\.m2\repository\io\opentelemetry\opentelemetry-semconv\1.24.0-alpha\opentelemetry-semconv-1.24.0-alpha.jar;C:\Users\sounakroy\.m2\repository\io\ous\jtoml\2.0.0\jtoml-2.0.0.jar;C:\Users\sounakroy\.m2\repository\net\bytebuddy\byte-buddy\1.14.2\byte-buddy-1.14.2.jar;C:\Users\sounakroy\.m2\repository\org\apache\commons\commons-exec\1.3\commons-exec-1.3.jar;C:\Users\sounakroy\.m2\repository\org\asynchttpclient\async-http-client\2.12.3\async-http-client-2.12.3.jar;C:\Users\sounakroy\.m2\repository\org\asynchttpclient\async-http-client-netty-utils\2.12.3\async-http-client-netty-utils-2.12.3.jar;C:\Users\sounakroy\.m2\repository\io\netty\netty-codec-socks\4.1.60.Final\netty-codec-socks-4.1.60.Final.jar;C:\Users\sounakroy\.m2\repository\io\netty\netty-handler-proxy\4.1.60.Final\netty-handler-proxy-4.1.60.Final.jar;C:\Users\sounakroy\.m2\repository\io\netty\netty-transport-native-epoll\4.1.60.Final\netty-transport-native-epoll-4.1.60.Final-linux-x86_64.jar;C:\Users\sounakroy\.m2\repository\io\netty\netty-transport-native-kqueue\4.1.60.Final\netty-transport-native-kqueue-4.1.60.Final-osx-x86_64.jar;C:\Users\sounakroy\.m2\repository\com\typesafe\netty\netty-reactive-streams\2.0.4\netty-reactive-streams-2.0.4.jar;C:\Users\sounakroy\.m2\repository\org\slf4j\slf4j-api\1.7.30\slf4j-api-1.7.30.jar;C:\Users\sounakroy\.m2\repository\com\sun\activation\jakarta.activation\1.2.2\jakarta.activation-1.2.2.jar;C:\Users\sounakroy\.m2\repository\org\seleniumhq\selenium\selenium-safari-driver\4.8.3\selenium-safari-driver-4.8.3.jar;C:\Users\sounakroy\.m2\repository\org\seleniumhq\selenium\selenium-support\4.8.3\selenium-support-4.8.3.jar;C:\Users\sounakroy\.m2\repository\org\testng\testng\7.4.0\testng-7.4.0.jar;C:\Users\sounakroy\.m2\repository\com\beust\jcommander\1.78\jcommander-1.78.jar;C:\Users\sounakroy\.m2\repository\org\webjars\jquery\3.5.1\jquery-3.5.1.jar;C:\Users\sounakroy\.m2\repository\com\aventstack\extentreports\5.0.9\extentreports-5.0.9.jar;C:\Users\sounakroy\.m2\repository\io\reactivex\rxjava3\rxjava\3.0.4\rxjava-3.0.4.jar;C:\Users\sounakroy\.m2\repository\org\reactivestreams\reactive-streams\1.0.3\reactive-streams-1.0.3.jar;C:\Users\sounakroy\.m2\repository\org\freemarker\freemarker\2.3.30\freemarker-2.3.30.jar;C:\Users\sounakroy\.m2\repository\org\projectlombok\lombok\1.18.12\lombok-1.18.12.jar;C:\Users\sounakroy\.m2\repository\com\google\code\gson\gson\2.8.6\gson-2.8.6.jar;C:\Users\sounakroy\.m2\repository\commons-io\commons-io\2.11.0\commons-io-2.11.0.jar;C:\Users\sounakroy\.m2\repository\org\apache\logging\log4j\log4j-core\2.20.0\log4j-core-2.20.0.jar;C:\Users\sounakroy\.m2\repository\org\apache\logging\log4j\log4j-api\2.20.0\log4j-api-2.20.0.jar;"/>
    <property name="java.vm.vendor" value="Red Hat, Inc."/>
    <property name="sun.arch.data.model" value="64"/>
    <property name="user.variant" value=""/>
    <property name="java.vendor.url" value="https://developers.redhat.com/"/>
    <property name="user.timezone" value="Asia/Calcutta"/>
    <property name="java.vm.specification.version" value="1.8"/>
    <property name="os.name" value="Windows 10"/>
    <property name="user.country" value="IN"/>
    <property name="sun.java.launcher" value="SUN_STANDARD"/>
    <property name="sun.boot.library.path" value="C:\Program Files\RedHat\java-1.8.0-openjdk-1.8.0.302-1\jre\bin"/>
    <property name="sun.java.command" value="C:\Users\sounakroy\AppData\Local\Temp\surefire7831053283301543842\surefirebooter8203560132000867127.jar C:\Users\sounakroy\AppData\Local\Temp\surefire7831053283301543842 2023-07-26T11-50-05_271-jvmRun1 surefire2001534703078596847tmp surefire_07887180649819579230tmp"/>
    <property name="surefire.test.class.path" value="D:\NAGP\eclips\seleniumAutomation\target\test-classes;D:\NAGP\eclips\seleniumAutomation\target\classes;C:\Users\sounakroy\.m2\repository\org\seleniumhq\selenium\selenium-java\4.8.3\selenium-java-4.8.3.jar;C:\Users\sounakroy\.m2\repository\org\seleniumhq\selenium\selenium-api\4.8.3\selenium-api-4.8.3.jar;C:\Users\sounakroy\.m2\repository\org\seleniumhq\selenium\selenium-chrome-driver\4.8.3\selenium-chrome-driver-4.8.3.jar;C:\Users\sounakroy\.m2\repository\com\google\auto\service\auto-service-annotations\1.0.1\auto-service-annotations-1.0.1.jar;C:\Users\sounakroy\.m2\repository\com\google\auto\service\auto-service\1.0.1\auto-service-1.0.1.jar;C:\Users\sounakroy\.m2\repository\com\google\auto\auto-common\1.2\auto-common-1.2.jar;C:\Users\sounakroy\.m2\repository\com\google\guava\guava\31.1-jre\guava-31.1-jre.jar;C:\Users\sounakroy\.m2\repository\com\google\guava\failureaccess\1.0.1\failureaccess-1.0.1.jar;C:\Users\sounakroy\.m2\repository\com\google\guava\listenablefuture\9999.0-empty-to-avoid-conflict-with-guava\listenablefuture-9999.0-empty-to-avoid-conflict-with-guava.jar;C:\Users\sounakroy\.m2\repository\com\google\code\findbugs\jsr305\3.0.2\jsr305-3.0.2.jar;C:\Users\sounakroy\.m2\repository\org\checkerframework\checker-qual\3.12.0\checker-qual-3.12.0.jar;C:\Users\sounakroy\.m2\repository\com\google\errorprone\error_prone_annotations\2.11.0\error_prone_annotations-2.11.0.jar;C:\Users\sounakroy\.m2\repository\com\google\j2objc\j2objc-annotations\1.3\j2objc-annotations-1.3.jar;C:\Users\sounakroy\.m2\repository\org\seleniumhq\selenium\selenium-chromium-driver\4.8.3\selenium-chromium-driver-4.8.3.jar;C:\Users\sounakroy\.m2\repository\org\seleniumhq\selenium\selenium-json\4.8.3\selenium-json-4.8.3.jar;C:\Users\sounakroy\.m2\repository\org\seleniumhq\selenium\selenium-manager\4.8.3\selenium-manager-4.8.3.jar;C:\Users\sounakroy\.m2\repository\org\seleniumhq\selenium\selenium-devtools-v109\4.8.3\selenium-devtools-v109-4.8.3.jar;C:\Users\sounakroy\.m2\repository\org\seleniumhq\selenium\selenium-devtools-v110\4.8.3\selenium-devtools-v110-4.8.3.jar;C:\Users\sounakroy\.m2\repository\org\seleniumhq\selenium\selenium-devtools-v111\4.8.3\selenium-devtools-v111-4.8.3.jar;C:\Users\sounakroy\.m2\repository\org\seleniumhq\selenium\selenium-devtools-v85\4.8.3\selenium-devtools-v85-4.8.3.jar;C:\Users\sounakroy\.m2\repository\org\seleniumhq\selenium\selenium-edge-driver\4.8.3\selenium-edge-driver-4.8.3.jar;C:\Users\sounakroy\.m2\repository\org\seleniumhq\selenium\selenium-firefox-driver\4.8.3\selenium-firefox-driver-4.8.3.jar;C:\Users\sounakroy\.m2\repository\org\seleniumhq\selenium\selenium-http\4.8.3\selenium-http-4.8.3.jar;C:\Users\sounakroy\.m2\repository\dev\failsafe\failsafe\3.3.1\failsafe-3.3.1.jar;C:\Users\sounakroy\.m2\repository\org\seleniumhq\selenium\selenium-ie-driver\4.8.3\selenium-ie-driver-4.8.3.jar;C:\Users\sounakroy\.m2\repository\org\seleniumhq\selenium\selenium-remote-driver\4.8.3\selenium-remote-driver-4.8.3.jar;C:\Users\sounakroy\.m2\repository\io\netty\netty-buffer\4.1.90.Final\netty-buffer-4.1.90.Final.jar;C:\Users\sounakroy\.m2\repository\io\netty\netty-codec-http\4.1.90.Final\netty-codec-http-4.1.90.Final.jar;C:\Users\sounakroy\.m2\repository\io\netty\netty-codec\4.1.90.Final\netty-codec-4.1.90.Final.jar;C:\Users\sounakroy\.m2\repository\io\netty\netty-handler\4.1.90.Final\netty-handler-4.1.90.Final.jar;C:\Users\sounakroy\.m2\repository\io\netty\netty-common\4.1.90.Final\netty-common-4.1.90.Final.jar;C:\Users\sounakroy\.m2\repository\io\netty\netty-transport-classes-epoll\4.1.90.Final\netty-transport-classes-epoll-4.1.90.Final.jar;C:\Users\sounakroy\.m2\repository\io\netty\netty-transport-classes-kqueue\4.1.90.Final\netty-transport-classes-kqueue-4.1.90.Final.jar;C:\Users\sounakroy\.m2\repository\io\netty\netty-transport-native-epoll\4.1.90.Final\netty-transport-native-epoll-4.1.90.Final.jar;C:\Users\sounakroy\.m2\repository\io\netty\netty-transport-native-kqueue\4.1.90.Final\netty-transport-native-kqueue-4.1.90.Final.jar;C:\Users\sounakroy\.m2\repository\io\netty\netty-transport-native-unix-common\4.1.90.Final\netty-transport-native-unix-common-4.1.90.Final.jar;C:\Users\sounakroy\.m2\repository\io\netty\netty-transport\4.1.90.Final\netty-transport-4.1.90.Final.jar;C:\Users\sounakroy\.m2\repository\io\netty\netty-resolver\4.1.90.Final\netty-resolver-4.1.90.Final.jar;C:\Users\sounakroy\.m2\repository\io\opentelemetry\opentelemetry-api\1.24.0\opentelemetry-api-1.24.0.jar;C:\Users\sounakroy\.m2\repository\io\opentelemetry\opentelemetry-context\1.24.0\opentelemetry-context-1.24.0.jar;C:\Users\sounakroy\.m2\repository\io\opentelemetry\opentelemetry-exporter-logging\1.24.0\opentelemetry-exporter-logging-1.24.0.jar;C:\Users\sounakroy\.m2\repository\io\opentelemetry\opentelemetry-sdk-metrics\1.24.0\opentelemetry-sdk-metrics-1.24.0.jar;C:\Users\sounakroy\.m2\repository\io\opentelemetry\opentelemetry-sdk-logs\1.24.0-alpha\opentelemetry-sdk-logs-1.24.0-alpha.jar;C:\Users\sounakroy\.m2\repository\io\opentelemetry\opentelemetry-api-logs\1.24.0-alpha\opentelemetry-api-logs-1.24.0-alpha.jar;C:\Users\sounakroy\.m2\repository\io\opentelemetry\opentelemetry-api-events\1.24.0-alpha\opentelemetry-api-events-1.24.0-alpha.jar;C:\Users\sounakroy\.m2\repository\io\opentelemetry\opentelemetry-sdk-common\1.24.0\opentelemetry-sdk-common-1.24.0.jar;C:\Users\sounakroy\.m2\repository\io\opentelemetry\opentelemetry-sdk-extension-autoconfigure-spi\1.24.0\opentelemetry-sdk-extension-autoconfigure-spi-1.24.0.jar;C:\Users\sounakroy\.m2\repository\io\opentelemetry\opentelemetry-sdk-extension-autoconfigure\1.24.0-alpha\opentelemetry-sdk-extension-autoconfigure-1.24.0-alpha.jar;C:\Users\sounakroy\.m2\repository\io\opentelemetry\opentelemetry-sdk-trace\1.24.0\opentelemetry-sdk-trace-1.24.0.jar;C:\Users\sounakroy\.m2\repository\io\opentelemetry\opentelemetry-sdk\1.24.0\opentelemetry-sdk-1.24.0.jar;C:\Users\sounakroy\.m2\repository\io\opentelemetry\opentelemetry-semconv\1.24.0-alpha\opentelemetry-semconv-1.24.0-alpha.jar;C:\Users\sounakroy\.m2\repository\io\ous\jtoml\2.0.0\jtoml-2.0.0.jar;C:\Users\sounakroy\.m2\repository\net\bytebuddy\byte-buddy\1.14.2\byte-buddy-1.14.2.jar;C:\Users\sounakroy\.m2\repository\org\apache\commons\commons-exec\1.3\commons-exec-1.3.jar;C:\Users\sounakroy\.m2\repository\org\asynchttpclient\async-http-client\2.12.3\async-http-client-2.12.3.jar;C:\Users\sounakroy\.m2\repository\org\asynchttpclient\async-http-client-netty-utils\2.12.3\async-http-client-netty-utils-2.12.3.jar;C:\Users\sounakroy\.m2\repository\io\netty\netty-codec-socks\4.1.60.Final\netty-codec-socks-4.1.60.Final.jar;C:\Users\sounakroy\.m2\repository\io\netty\netty-handler-proxy\4.1.60.Final\netty-handler-proxy-4.1.60.Final.jar;C:\Users\sounakroy\.m2\repository\io\netty\netty-transport-native-epoll\4.1.60.Final\netty-transport-native-epoll-4.1.60.Final-linux-x86_64.jar;C:\Users\sounakroy\.m2\repository\io\netty\netty-transport-native-kqueue\4.1.60.Final\netty-transport-native-kqueue-4.1.60.Final-osx-x86_64.jar;C:\Users\sounakroy\.m2\repository\com\typesafe\netty\netty-reactive-streams\2.0.4\netty-reactive-streams-2.0.4.jar;C:\Users\sounakroy\.m2\repository\org\slf4j\slf4j-api\1.7.30\slf4j-api-1.7.30.jar;C:\Users\sounakroy\.m2\repository\com\sun\activation\jakarta.activation\1.2.2\jakarta.activation-1.2.2.jar;C:\Users\sounakroy\.m2\repository\org\seleniumhq\selenium\selenium-safari-driver\4.8.3\selenium-safari-driver-4.8.3.jar;C:\Users\sounakroy\.m2\repository\org\seleniumhq\selenium\selenium-support\4.8.3\selenium-support-4.8.3.jar;C:\Users\sounakroy\.m2\repository\org\testng\testng\7.4.0\testng-7.4.0.jar;C:\Users\sounakroy\.m2\repository\com\beust\jcommander\1.78\jcommander-1.78.jar;C:\Users\sounakroy\.m2\repository\org\webjars\jquery\3.5.1\jquery-3.5.1.jar;C:\Users\sounakroy\.m2\repository\com\aventstack\extentreports\5.0.9\extentreports-5.0.9.jar;C:\Users\sounakroy\.m2\repository\io\reactivex\rxjava3\rxjava\3.0.4\rxjava-3.0.4.jar;C:\Users\sounakroy\.m2\repository\org\reactivestreams\reactive-streams\1.0.3\reactive-streams-1.0.3.jar;C:\Users\sounakroy\.m2\repository\org\freemarker\freemarker\2.3.30\freemarker-2.3.30.jar;C:\Users\sounakroy\.m2\repository\org\projectlombok\lombok\1.18.12\lombok-1.18.12.jar;C:\Users\sounakroy\.m2\repository\com\google\code\gson\gson\2.8.6\gson-2.8.6.jar;C:\Users\sounakroy\.m2\repository\commons-io\commons-io\2.11.0\commons-io-2.11.0.jar;C:\Users\sounakroy\.m2\repository\org\apache\logging\log4j\log4j-core\2.20.0\log4j-core-2.20.0.jar;C:\Users\sounakroy\.m2\repository\org\apache\logging\log4j\log4j-api\2.20.0\log4j-api-2.20.0.jar;"/>
    <property name="sun.cpu.endian" value="little"/>
    <property name="user.home" value="C:\Users\sounakroy"/>
    <property name="user.language" value="en"/>
    <property name="java.specification.vendor" value="Oracle Corporation"/>
    <property name="java.home" value="C:\Program Files\RedHat\java-1.8.0-openjdk-1.8.0.302-1\jre"/>
    <property name="basedir" value="D:\NAGP\eclips\seleniumAutomation"/>
    <property name="file.separator" value="\"/>
    <property name="line.separator" value="&#10;"/>
    <property name="java.vm.specification.vendor" value="Oracle Corporation"/>
    <property name="java.specification.name" value="Java Platform API Specification"/>
    <property name="java.awt.graphicsenv" value="sun.awt.Win32GraphicsEnvironment"/>
    <property name="surefire.real.class.path" value="C:\Users\sounakroy\AppData\Local\Temp\surefire7831053283301543842\surefirebooter8203560132000867127.jar"/>
    <property name="sun.boot.class.path" value="C:\Program Files\RedHat\java-1.8.0-openjdk-1.8.0.302-1\jre\lib\resources.jar;C:\Program Files\RedHat\java-1.8.0-openjdk-1.8.0.302-1\jre\lib\rt.jar;C:\Program Files\RedHat\java-1.8.0-openjdk-1.8.0.302-1\jre\lib\sunrsasign.jar;C:\Program Files\RedHat\java-1.8.0-openjdk-1.8.0.302-1\jre\lib\jsse.jar;C:\Program Files\RedHat\java-1.8.0-openjdk-1.8.0.302-1\jre\lib\jce.jar;C:\Program Files\RedHat\java-1.8.0-openjdk-1.8.0.302-1\jre\lib\charsets.jar;C:\Program Files\RedHat\java-1.8.0-openjdk-1.8.0.302-1\jre\lib\jfr.jar;C:\Program Files\RedHat\java-1.8.0-openjdk-1.8.0.302-1\jre\classes"/>
    <property name="user.script" value=""/>
    <property name="sun.management.compiler" value="HotSpot 64-Bit Tiered Compilers"/>
    <property name="java.runtime.version" value="1.8.0_302-b08"/>
    <property name="user.name" value="sounakroy"/>
    <property name="path.separator" value=";"/>
    <property name="os.version" value="10.0"/>
    <property name="java.endorsed.dirs" value="C:\Program Files\RedHat\java-1.8.0-openjdk-1.8.0.302-1\jre\lib\endorsed"/>
    <property name="java.runtime.name" value="OpenJDK Runtime Environment"/>
    <property name="file.encoding" value="Cp1252"/>
    <property name="java.vm.name" value="OpenJDK 64-Bit Server VM"/>
    <property name="localRepository" value="C:\Users\sounakroy\.m2\repository"/>
    <property name="java.vendor.url.bug" value="https://bugzilla.redhat.com/enter_bug.cgi"/>
    <property name="java.io.tmpdir" value="C:\Users\SOUNAK~1\AppData\Local\Temp\"/>
    <property name="java.version" value="1.8.0_302"/>
    <property name="user.dir" value="D:\NAGP\eclips\seleniumAutomation"/>
    <property name="os.arch" value="amd64"/>
    <property name="java.vm.specification.name" value="Java Virtual Machine Specification"/>
    <property name="java.awt.printerjob" value="sun.awt.windows.WPrinterJob"/>
    <property name="sun.os.patch.level" value=""/>
    <property name="java.library.path" value="C:\Program Files\RedHat\java-1.8.0-openjdk-1.8.0.302-1\jre\bin;C:\Windows\Sun\Java\bin;C:\Windows\system32;C:\Windows;C:\Program Files\Microsoft MPI\Bin\;C:\Windows\system32;C:\Windows;C:\Windows\System32\Wbem;C:\Windows\System32\WindowsPowerShell\v1.0\;C:\Windows\System32\OpenSSH\;C:\Program Files\TortoiseSVN\bin;C:\Program Files\dotnet\;C:\Program Files\RedHat\java-1.8.0-openjdk-1.8.0.302-1\bin;C:\Program Files\Microsoft SQL Server\130\Tools\Binn\;C:\Program Files\Microsoft SQL Server\Client SDK\ODBC\170\Tools\Binn\;C:\Program Files\nodejs\;C:\Program Files\Azure Data Studio\bin;C:\Program Files (x86)\Microsoft SQL Server\140\Tools\Binn\;C:\Program Files\Microsoft SQL Server\140\Tools\Binn\;C:\Program Files (x86)\Microsoft SQL Server\140\DTS\Binn\;C:\Program Files\Microsoft SQL Server\140\DTS\Binn\;C:\Program Files\Microsoft SQL Server\Client SDK\ODBC\130\Tools\Binn\;C:\Program Files\RedHat\java-1.8.0-openjdk-1.8.0.302-1\bin;C:\Program Files (x86)\dotnet\;C:\Program Files (x86)\Microsoft SQL Server\150\Tools\Binn\;C:\Program Files\Microsoft SQL Server\150\Tools\Binn\;C:\Program Files\Microsoft SQL Server\150\DTS\Binn\;C:\Users\sounakroy\AppData\Local\Android\Sdk\platform-tools;C:\Users\sounakroy\AppData\Local\Android\Sdk\tools;C:\Users\sounakroy\AppData\Local\Android\Sdk\tools\bin;C:\oracle\ODAC112021_x64\bin;C:\Program Files\TortoiseGit\bin;C:\Program Files\Microsoft VS Code\bin;C:\Users\sounakroy\AppData\Roaming\npm\node_modules;C:\Program Files\Cloudflare\Cloudflare WARP\;C:\apache-maven-3.8.4\bin;C:\Program Files\RedHat\java-1.8.0-openjdk-1.8.0.302-1\lib;C:\Program Files\Git\cmd;C:\Users\sounakroy\AppData\Local\Programs\Python\Python310\Scripts\;C:\Users\sounakroy\AppData\Local\Programs\Python\Python310\;C:\Users\sounakroy\AppData\Local\Microsoft\WindowsApps;C:\Users\sounakroy\.dotnet\tools;C:\Users\sounakroy\AppData\Roaming\npm;C:\Program Files\Azure Data Studio\bin;C:\apache-maven-3.8.4\bin;C:\Program Files\RedHat\java-1.8.0-openjdk-1.8.0.302-1\bin;C:\Users\sounakroy\AppData\Local\Android\Sdk\platform-tools;C:\Users\sounakroy\AppData\Local\Android\Sdk\tools;;."/>
    <property name="java.vm.info" value="mixed mode"/>
    <property name="java.vendor" value="Red Hat, Inc."/>
    <property name="java.vm.version" value="25.302-b08"/>
    <property name="java.ext.dirs" value="C:\Program Files\RedHat\java-1.8.0-openjdk-1.8.0.302-1\jre\lib\ext;C:\Windows\Sun\Java\lib\ext"/>
    <property name="sun.io.unicode.encoding" value="UnicodeLittle"/>
    <property name="java.class.version" value="52.0"/>
  </properties>
  <testcase name="BagsLinkTest" classname="com.magento.test.SaleTest" time="4.91">
    <system-out><![CDATA[[INFO ] 2023-07-26 11:50:08.736 [main] ExtentReporterNG - Setting Extent Report Info.........
[Configuration] [WARN] Detected a static method [com.magento.test.BaseTest.inializeDriver()]. Static configuration methods can cause  unexpected behavior.
[Configuration] [WARN] Detected a static method [com.magento.test.BaseTest.openUrl()]. Static configuration methods can cause  unexpected behavior.
[Configuration] [WARN] Detected a static method [com.magento.test.BaseTest.close()]. Static configuration methods can cause  unexpected behavior.
[Configuration] [WARN] Detected a static method [com.magento.test.BaseTest.inializeDriver()]. Static configuration methods can cause  unexpected behavior.
[Configuration] [WARN] Detected a static method [com.magento.test.BaseTest.openUrl()]. Static configuration methods can cause  unexpected behavior.
[Configuration] [WARN] Detected a static method [com.magento.test.BaseTest.close()]. Static configuration methods can cause  unexpected behavior.
[Configuration] [WARN] Detected a static method [com.magento.test.BaseTest.inializeDriver()]. Static configuration methods can cause  unexpected behavior.
[Configuration] [WARN] Detected a static method [com.magento.test.BaseTest.openUrl()]. Static configuration methods can cause  unexpected behavior.
[Configuration] [WARN] Detected a static method [com.magento.test.BaseTest.close()]. Static configuration methods can cause  unexpected behavior.
[Configuration] [WARN] Detected a static method [com.magento.test.BaseTest.inializeDriver()]. Static configuration methods can cause  unexpected behavior.
[Configuration] [WARN] Detected a static method [com.magento.test.BaseTest.openUrl()]. Static configuration methods can cause  unexpected behavior.
[Configuration] [WARN] Detected a static method [com.magento.test.BaseTest.close()]. Static configuration methods can cause  unexpected behavior.
[INFO ] 2023-07-26 11:50:09.553 [main] FileRead - Read File Method called
[INFO ] 2023-07-26 11:50:09.566 [main] DeleteDirectory - Delete Directory Method Called
[INFO ] 2023-07-26 11:50:09.569 [main] FileMove - Move File Method called
[INFO ] 2023-07-26 11:50:09.594 [main] DeleteDirectory - Delete Directory Method Called
[INFO ] 2023-07-26 11:50:09.650 [main] BaseTest - Initialize the Driver..........
[DEBUG] 2023-07-26 11:50:11.055 [main] InternalLoggerFactory - Using Log4J2 as the default logging framework
[DEBUG] 2023-07-26 11:50:11.085 [main] ResourceLeakDetector - -Dio.netty.leakDetection.level: simple
[DEBUG] 2023-07-26 11:50:11.085 [main] ResourceLeakDetector - -Dio.netty.leakDetection.targetRecords: 4
[DEBUG] 2023-07-26 11:50:11.093 [main] ResourceLeakDetectorFactory - Loaded default ResourceLeakDetector: io.netty.util.ResourceLeakDetector@550a1967
[DEBUG] 2023-07-26 11:50:11.121 [main] PlatformDependent0 - -Dio.netty.noUnsafe: false
[DEBUG] 2023-07-26 11:50:11.121 [main] PlatformDependent0 - Java version: 8
[DEBUG] 2023-07-26 11:50:11.122 [main] PlatformDependent0 - sun.misc.Unsafe.theUnsafe: available
[DEBUG] 2023-07-26 11:50:11.123 [main] PlatformDependent0 - sun.misc.Unsafe.copyMemory: available
[DEBUG] 2023-07-26 11:50:11.123 [main] PlatformDependent0 - sun.misc.Unsafe.storeFence: available
[DEBUG] 2023-07-26 11:50:11.124 [main] PlatformDependent0 - java.nio.Buffer.address: available
[DEBUG] 2023-07-26 11:50:11.125 [main] PlatformDependent0 - direct buffer constructor: available
[DEBUG] 2023-07-26 11:50:11.126 [main] PlatformDependent0 - java.nio.Bits.unaligned: available, true
[DEBUG] 2023-07-26 11:50:11.126 [main] PlatformDependent0 - jdk.internal.misc.Unsafe.allocateUninitializedArray(int): unavailable prior to Java9
[DEBUG] 2023-07-26 11:50:11.126 [main] PlatformDependent0 - java.nio.DirectByteBuffer.<init>(long, int): available
[DEBUG] 2023-07-26 11:50:11.126 [main] PlatformDependent - sun.misc.Unsafe: available
[DEBUG] 2023-07-26 11:50:11.127 [main] PlatformDependent - -Dio.netty.tmpdir: C:\Users\SOUNAK~1\AppData\Local\Temp (java.io.tmpdir)
[DEBUG] 2023-07-26 11:50:11.127 [main] PlatformDependent - -Dio.netty.bitMode: 64 (sun.arch.data.model)
[DEBUG] 2023-07-26 11:50:11.128 [main] PlatformDependent - Platform: Windows
[DEBUG] 2023-07-26 11:50:11.129 [main] PlatformDependent - -Dio.netty.maxDirectMemory: 3760193536 bytes
[DEBUG] 2023-07-26 11:50:11.129 [main] PlatformDependent - -Dio.netty.uninitializedArrayAllocationThreshold: -1
[DEBUG] 2023-07-26 11:50:11.131 [main] CleanerJava6 - java.nio.ByteBuffer.cleaner(): available
[DEBUG] 2023-07-26 11:50:11.131 [main] PlatformDependent - -Dio.netty.noPreferDirect: false
[DEBUG] 2023-07-26 11:50:11.143 [main] PlatformDependent - org.jctools-core.MpscChunkedArrayQueue: available
[DEBUG] 2023-07-26 11:50:11.174 [main] InternalThreadLocalMap - -Dio.netty.threadLocalMap.stringBuilder.initialSize: 1024
[DEBUG] 2023-07-26 11:50:11.174 [main] InternalThreadLocalMap - -Dio.netty.threadLocalMap.stringBuilder.maxSize: 4096
[DEBUG] 2023-07-26 11:50:11.406 [main] JdkSslContext - Default protocols (JDK): [TLSv1.2] 
[DEBUG] 2023-07-26 11:50:11.406 [main] JdkSslContext - Default cipher suites (JDK): [TLS_ECDHE_ECDSA_WITH_AES_256_GCM_SHA384, TLS_ECDHE_ECDSA_WITH_AES_128_GCM_SHA256, TLS_ECDHE_RSA_WITH_AES_128_GCM_SHA256, TLS_ECDHE_RSA_WITH_AES_256_GCM_SHA384, TLS_ECDHE_RSA_WITH_AES_128_CBC_SHA, TLS_ECDHE_RSA_WITH_AES_256_CBC_SHA, TLS_RSA_WITH_AES_128_GCM_SHA256, TLS_RSA_WITH_AES_128_CBC_SHA, TLS_RSA_WITH_AES_256_CBC_SHA, TLS_AES_128_GCM_SHA256, TLS_AES_256_GCM_SHA384]
[DEBUG] 2023-07-26 11:50:11.430 [main] GlobalEventExecutor - -Dio.netty.globalEventExecutor.quietPeriodSeconds: 1
[DEBUG] 2023-07-26 11:50:11.455 [main] MultithreadEventLoopGroup - -Dio.netty.eventLoopThreads: 16
[DEBUG] 2023-07-26 11:50:11.472 [main] NioEventLoop - -Dio.netty.noKeySetOptimization: false
[DEBUG] 2023-07-26 11:50:11.473 [main] NioEventLoop - -Dio.netty.selectorAutoRebuildThreshold: 512
[DEBUG] 2023-07-26 11:50:11.598 [main] PooledByteBufAllocator - -Dio.netty.allocator.numHeapArenas: 16
[DEBUG] 2023-07-26 11:50:11.599 [main] PooledByteBufAllocator - -Dio.netty.allocator.numDirectArenas: 16
[DEBUG] 2023-07-26 11:50:11.599 [main] PooledByteBufAllocator - -Dio.netty.allocator.pageSize: 8192
[DEBUG] 2023-07-26 11:50:11.599 [main] PooledByteBufAllocator - -Dio.netty.allocator.maxOrder: 9
[DEBUG] 2023-07-26 11:50:11.600 [main] PooledByteBufAllocator - -Dio.netty.allocator.chunkSize: 4194304
[DEBUG] 2023-07-26 11:50:11.600 [main] PooledByteBufAllocator - -Dio.netty.allocator.smallCacheSize: 256
[DEBUG] 2023-07-26 11:50:11.600 [main] PooledByteBufAllocator - -Dio.netty.allocator.normalCacheSize: 64
[DEBUG] 2023-07-26 11:50:11.600 [main] PooledByteBufAllocator - -Dio.netty.allocator.maxCachedBufferCapacity: 32768
[DEBUG] 2023-07-26 11:50:11.601 [main] PooledByteBufAllocator - -Dio.netty.allocator.cacheTrimInterval: 8192
[DEBUG] 2023-07-26 11:50:11.602 [main] PooledByteBufAllocator - -Dio.netty.allocator.cacheTrimIntervalMillis: 0
[DEBUG] 2023-07-26 11:50:11.602 [main] PooledByteBufAllocator - -Dio.netty.allocator.useCacheForAllThreads: false
[DEBUG] 2023-07-26 11:50:11.602 [main] PooledByteBufAllocator - -Dio.netty.allocator.maxCachedByteBuffersPerChunk: 1023
[DEBUG] 2023-07-26 11:50:11.627 [main] ByteBufUtil - -Dio.netty.allocator.type: pooled
[DEBUG] 2023-07-26 11:50:11.627 [main] ByteBufUtil - -Dio.netty.threadLocalDirectBufferSize: 0
[DEBUG] 2023-07-26 11:50:11.627 [main] ByteBufUtil - -Dio.netty.maxThreadLocalCharBufferSize: 16384
[DEBUG] 2023-07-26 11:50:12.809 [Forwarding newSession on session null to remote] DefaultChannelId - -Dio.netty.processId: 4548 (auto-detected)
[DEBUG] 2023-07-26 11:50:12.816 [Forwarding newSession on session null to remote] NetUtil - -Djava.net.preferIPv4Stack: false
[DEBUG] 2023-07-26 11:50:12.816 [Forwarding newSession on session null to remote] NetUtil - -Djava.net.preferIPv6Addresses: false
[DEBUG] 2023-07-26 11:50:13.327 [Forwarding newSession on session null to remote] NetUtilInitializations - Loopback interface: lo (Software Loopback Interface 1, 127.0.2.3)
[DEBUG] 2023-07-26 11:50:13.328 [Forwarding newSession on session null to remote] NetUtil - Failed to get SOMAXCONN from sysctl and file \proc\sys\net\core\somaxconn. Default: 200
[DEBUG] 2023-07-26 11:50:13.343 [Forwarding newSession on session null to remote] DefaultChannelId - -Dio.netty.machineId: c0:3c:59:ff:fe:03:e1:f7 (auto-detected)
[DEBUG] 2023-07-26 11:50:13.391 [AsyncHttpClient-1-2] AbstractByteBuf - -Dio.netty.buffer.checkAccessible: true
[DEBUG] 2023-07-26 11:50:13.391 [AsyncHttpClient-1-2] AbstractByteBuf - -Dio.netty.buffer.checkBounds: true
[DEBUG] 2023-07-26 11:50:13.392 [AsyncHttpClient-1-2] ResourceLeakDetectorFactory - Loaded default ResourceLeakDetector: io.netty.util.ResourceLeakDetector@efcdc4b
[DEBUG] 2023-07-26 11:50:13.419 [AsyncHttpClient-1-2] Recycler - -Dio.netty.recycler.maxCapacityPerThread: 4096
[DEBUG] 2023-07-26 11:50:13.420 [AsyncHttpClient-1-2] Recycler - -Dio.netty.recycler.ratio: 8
[DEBUG] 2023-07-26 11:50:13.420 [AsyncHttpClient-1-2] Recycler - -Dio.netty.recycler.chunkSize: 32
[DEBUG] 2023-07-26 11:50:13.420 [AsyncHttpClient-1-2] Recycler - -Dio.netty.recycler.blocking: false
[DEBUG] 2023-07-26 11:50:13.420 [AsyncHttpClient-1-2] Recycler - -Dio.netty.recycler.batchFastThreadLocalOnly: true
[DEBUG] 2023-07-26 11:50:14.451 [AsyncHttpClient-1-2] Brotli - brotli4j not in the classpath; Brotli support will be unavailable.
[DEBUG] 2023-07-26 11:50:14.625 [main] ThreadLocalRandom - -Dio.netty.initialSeedUniquifier: 0xd1f2a82d6c7ec18a
[INFO ] 2023-07-26 11:50:14.869 [main] BaseTest - Opening the URL..........
[INFO ] 2023-07-26 11:50:21.389 [main] SaleTest - Bag Link Test case
[INFO ] 2023-07-26 11:50:21.480 [main] SalePage - click on Sale Button
[INFO ] 2023-07-26 11:50:24.874 [main] SalePage - click on Bag Link
]]></system-out>
    <system-err><![CDATA[SLF4J: Failed to load class "org.slf4j.impl.StaticLoggerBinder".
SLF4J: Defaulting to no-operation (NOP) logger implementation
SLF4J: See http://www.slf4j.org/codes.html#StaticLoggerBinder for further details.
Starting Microsoft Edge WebDriver 115.0.1901.183 (db29db5e66a28f9f889ff1962ead6e0c377200e0) on port 44447
To submit feedback, report a bug, or suggest new features, please visit https://github.com/MicrosoftEdge/EdgeWebDriver

Only local connections are allowed.
Please see https://aka.ms/WebDriverSecurity for suggestions on keeping Microsoft Edge WebDriver safe.

Microsoft Edge WebDriver was started successfully.
Jul 26, 2023 11:50:14 AM org.openqa.selenium.devtools.CdpVersionFinder findNearestMatch
WARNING: Unable to find an exact match for CDP version 115, so returning the closest version found: 111
]]></system-err>
  </testcase>
  <testcase name="FitnessEquipmentLinkTest" classname="com.magento.test.SaleTest" time="4.889">
    <system-out><![CDATA[[INFO ] 2023-07-26 11:50:26.490 [main] BaseTest - Closing the Driver..........
[INFO ] 2023-07-26 11:50:27.421 [main] BaseTest - Initialize the Driver..........
[INFO ] 2023-07-26 11:50:30.485 [main] BaseTest - Opening the URL..........
[INFO ] 2023-07-26 11:50:38.090 [main] SaleTest - Fitness-Equipment Link Test case
[INFO ] 2023-07-26 11:50:38.092 [main] SalePage - click on Sale Button
[INFO ] 2023-07-26 11:50:41.430 [main] SalePage - click on Fitness-Equipment Link
]]></system-out>
    <system-err><![CDATA[Starting Microsoft Edge WebDriver 115.0.1901.183 (db29db5e66a28f9f889ff1962ead6e0c377200e0) on port 42510
To submit feedback, report a bug, or suggest new features, please visit https://github.com/MicrosoftEdge/EdgeWebDriver

Only local connections are allowed.
Please see https://aka.ms/WebDriverSecurity for suggestions on keeping Microsoft Edge WebDriver safe.

Microsoft Edge WebDriver was started successfully.
Jul 26, 2023 11:50:30 AM org.openqa.selenium.devtools.CdpVersionFinder findNearestMatch
WARNING: Unable to find an exact match for CDP version 115, so returning the closest version found: 111
]]></system-err>
  </testcase>
  <testcase name="BagButtonTest" classname="com.magento.test.GearTest" time="5.136">
    <system-out><![CDATA[[INFO ] 2023-07-26 11:50:43.082 [main] BaseTest - Closing the Driver..........
[INFO ] 2023-07-26 11:50:44.030 [main] BaseTest - Initialize the Driver..........
[INFO ] 2023-07-26 11:50:46.932 [main] BaseTest - Opening the URL..........
[INFO ] 2023-07-26 11:50:54.861 [main] GearTest - Bag Button Test case
[INFO ] 2023-07-26 11:50:54.864 [main] GearPage - click on Gear Button
[INFO ] 2023-07-26 11:50:58.138 [main] GearPage - mouse over on Gear Button
[INFO ] 2023-07-26 11:50:58.417 [main] GearPage - click on Bag Button from drop-down
]]></system-out>
    <system-err><![CDATA[Starting Microsoft Edge WebDriver 115.0.1901.183 (db29db5e66a28f9f889ff1962ead6e0c377200e0) on port 48848
To submit feedback, report a bug, or suggest new features, please visit https://github.com/MicrosoftEdge/EdgeWebDriver

Only local connections are allowed.
Please see https://aka.ms/WebDriverSecurity for suggestions on keeping Microsoft Edge WebDriver safe.

Microsoft Edge WebDriver was started successfully.
Jul 26, 2023 11:50:46 AM org.openqa.selenium.devtools.CdpVersionFinder findNearestMatch
WARNING: Unable to find an exact match for CDP version 115, so returning the closest version found: 111
]]></system-err>
  </testcase>
  <testcase name="FitnessEquipmentButtonTest" classname="com.magento.test.GearTest" time="4.765">
    <system-out><![CDATA[[INFO ] 2023-07-26 11:51:00.020 [main] BaseTest - Closing the Driver..........
[INFO ] 2023-07-26 11:51:00.996 [main] BaseTest - Initialize the Driver..........
[INFO ] 2023-07-26 11:51:03.717 [main] BaseTest - Opening the URL..........
[INFO ] 2023-07-26 11:51:11.312 [main] GearTest - Fitness-Equipment Button Test case
[INFO ] 2023-07-26 11:51:11.314 [main] GearPage - click on Gear Button
[INFO ] 2023-07-26 11:51:14.377 [main] GearPage - mouse over on Gear Button
[INFO ] 2023-07-26 11:51:14.624 [main] GearPage - click on Fitness-Equipment Button from drop-down
]]></system-out>
    <system-err><![CDATA[Starting Microsoft Edge WebDriver 115.0.1901.183 (db29db5e66a28f9f889ff1962ead6e0c377200e0) on port 15293
To submit feedback, report a bug, or suggest new features, please visit https://github.com/MicrosoftEdge/EdgeWebDriver

Only local connections are allowed.
Please see https://aka.ms/WebDriverSecurity for suggestions on keeping Microsoft Edge WebDriver safe.

Microsoft Edge WebDriver was started successfully.
Jul 26, 2023 11:51:03 AM org.openqa.selenium.devtools.CdpVersionFinder findNearestMatch
WARNING: Unable to find an exact match for CDP version 115, so returning the closest version found: 111
]]></system-err>
  </testcase>
  <testcase name="WatchesButtonTest" classname="com.magento.test.GearTest" time="6.111">
    <system-out><![CDATA[[INFO ] 2023-07-26 11:51:16.125 [main] BaseTest - Closing the Driver..........
[INFO ] 2023-07-26 11:51:17.103 [main] BaseTest - Initialize the Driver..........
[INFO ] 2023-07-26 11:51:19.954 [main] BaseTest - Opening the URL..........
[INFO ] 2023-07-26 11:51:28.303 [main] GearTest - Watches Button Test case
[INFO ] 2023-07-26 11:51:28.303 [main] GearPage - click on Gear Button
[INFO ] 2023-07-26 11:51:31.887 [main] GearPage - mouse over on Gear Button
[INFO ] 2023-07-26 11:51:32.122 [main] GearPage - click on Watches Button from drop-down
]]></system-out>
    <system-err><![CDATA[Starting Microsoft Edge WebDriver 115.0.1901.183 (db29db5e66a28f9f889ff1962ead6e0c377200e0) on port 45002
To submit feedback, report a bug, or suggest new features, please visit https://github.com/MicrosoftEdge/EdgeWebDriver

Only local connections are allowed.
Please see https://aka.ms/WebDriverSecurity for suggestions on keeping Microsoft Edge WebDriver safe.

Microsoft Edge WebDriver was started successfully.
Jul 26, 2023 11:51:19 AM org.openqa.selenium.devtools.CdpVersionFinder findNearestMatch
WARNING: Unable to find an exact match for CDP version 115, so returning the closest version found: 111
]]></system-err>
  </testcase>
  <testcase name="invalidSearchTest[5yre](1)" classname="com.magento.test.SearchTest" time="2.518">
    <system-out><![CDATA[[INFO ] 2023-07-26 11:51:34.424 [main] BaseTest - Closing the Driver..........
[INFO ] 2023-07-26 11:51:35.369 [main] BaseTest - Initialize the Driver..........
[INFO ] 2023-07-26 11:51:37.891 [main] BaseTest - Opening the URL..........
[INFO ] 2023-07-26 11:51:44.099 [main] SearchTest - Invalid Searh Test case
[INFO ] 2023-07-26 11:51:44.109 [main] SearchPage - click on search bar
[INFO ] 2023-07-26 11:51:44.409 [main] SearchPage - enter details on search
[INFO ] 2023-07-26 11:51:44.526 [main] SearchPage - click on enter button from keyboard
]]></system-out>
    <system-err><![CDATA[Starting Microsoft Edge WebDriver 115.0.1901.183 (db29db5e66a28f9f889ff1962ead6e0c377200e0) on port 42175
To submit feedback, report a bug, or suggest new features, please visit https://github.com/MicrosoftEdge/EdgeWebDriver

Only local connections are allowed.
Please see https://aka.ms/WebDriverSecurity for suggestions on keeping Microsoft Edge WebDriver safe.

Microsoft Edge WebDriver was started successfully.
Jul 26, 2023 11:51:37 AM org.openqa.selenium.devtools.CdpVersionFinder findNearestMatch
WARNING: Unable to find an exact match for CDP version 115, so returning the closest version found: 111
]]></system-err>
  </testcase>
  <testcase name="invalidSearchTest[Jaccket](2)" classname="com.magento.test.SearchTest" time="2.547">
    <system-out><![CDATA[[INFO ] 2023-07-26 11:51:46.733 [main] BaseTest - Closing the Driver..........
[INFO ] 2023-07-26 11:51:47.658 [main] BaseTest - Initialize the Driver..........
[INFO ] 2023-07-26 11:51:50.211 [main] BaseTest - Opening the URL..........
[INFO ] 2023-07-26 11:51:58.758 [main] SearchTest - Invalid Searh Test case
[INFO ] 2023-07-26 11:51:58.769 [main] SearchPage - click on search bar
[INFO ] 2023-07-26 11:51:59.021 [main] SearchPage - enter details on search
[INFO ] 2023-07-26 11:51:59.230 [main] SearchPage - click on enter button from keyboard
]]></system-out>
    <system-err><![CDATA[Starting Microsoft Edge WebDriver 115.0.1901.183 (db29db5e66a28f9f889ff1962ead6e0c377200e0) on port 12643
To submit feedback, report a bug, or suggest new features, please visit https://github.com/MicrosoftEdge/EdgeWebDriver

Only local connections are allowed.
Please see https://aka.ms/WebDriverSecurity for suggestions on keeping Microsoft Edge WebDriver safe.

Microsoft Edge WebDriver was started successfully.
Jul 26, 2023 11:51:50 AM org.openqa.selenium.devtools.CdpVersionFinder findNearestMatch
WARNING: Unable to find an exact match for CDP version 115, so returning the closest version found: 111
]]></system-err>
  </testcase>
  <testcase name="validSearchTest[jacket](1)" classname="com.magento.test.SearchTest" time="2.227">
    <system-out><![CDATA[[INFO ] 2023-07-26 11:52:01.415 [main] BaseTest - Closing the Driver..........
[INFO ] 2023-07-26 11:52:02.294 [main] BaseTest - Initialize the Driver..........
[INFO ] 2023-07-26 11:52:05.064 [main] BaseTest - Opening the URL..........
[INFO ] 2023-07-26 11:52:14.424 [main] SearchTest - Valid Search Test case
[INFO ] 2023-07-26 11:52:14.428 [main] SearchPage - click on search bar
[INFO ] 2023-07-26 11:52:14.599 [main] SearchPage - enter details on search
[INFO ] 2023-07-26 11:52:14.723 [main] SearchPage - click on enter button from keyboard
[INFO ] 2023-07-26 11:52:16.374 [main] SearchPage - check item visibility
]]></system-out>
    <system-err><![CDATA[Starting Microsoft Edge WebDriver 115.0.1901.183 (db29db5e66a28f9f889ff1962ead6e0c377200e0) on port 35323
To submit feedback, report a bug, or suggest new features, please visit https://github.com/MicrosoftEdge/EdgeWebDriver

Only local connections are allowed.
Please see https://aka.ms/WebDriverSecurity for suggestions on keeping Microsoft Edge WebDriver safe.

Microsoft Edge WebDriver was started successfully.
Jul 26, 2023 11:52:04 AM org.openqa.selenium.devtools.CdpVersionFinder findNearestMatch
WARNING: Unable to find an exact match for CDP version 115, so returning the closest version found: 111
]]></system-err>
  </testcase>
  <testcase name="validSearchTest[Bag](2)" classname="com.magento.test.SearchTest" time="3.429">
    <system-out><![CDATA[[INFO ] 2023-07-26 11:52:16.690 [main] BaseTest - Closing the Driver..........
[INFO ] 2023-07-26 11:52:17.636 [main] BaseTest - Initialize the Driver..........
[INFO ] 2023-07-26 11:52:20.511 [main] BaseTest - Opening the URL..........
[INFO ] 2023-07-26 11:52:30.115 [main] SearchTest - Valid Search Test case
[INFO ] 2023-07-26 11:52:30.117 [main] SearchPage - click on search bar
[INFO ] 2023-07-26 11:52:30.342 [main] SearchPage - enter details on search
[INFO ] 2023-07-26 11:52:30.424 [main] SearchPage - click on enter button from keyboard
[INFO ] 2023-07-26 11:52:33.414 [main] SearchPage - check item visibility
]]></system-out>
    <system-err><![CDATA[Starting Microsoft Edge WebDriver 115.0.1901.183 (db29db5e66a28f9f889ff1962ead6e0c377200e0) on port 34799
To submit feedback, report a bug, or suggest new features, please visit https://github.com/MicrosoftEdge/EdgeWebDriver

Only local connections are allowed.
Please see https://aka.ms/WebDriverSecurity for suggestions on keeping Microsoft Edge WebDriver safe.

Microsoft Edge WebDriver was started successfully.
Jul 26, 2023 11:52:20 AM org.openqa.selenium.devtools.CdpVersionFinder findNearestMatch
WARNING: Unable to find an exact match for CDP version 115, so returning the closest version found: 111
]]></system-err>
  </testcase>
  <testcase name="WomenButtonTest" classname="com.magento.test.HomeTest" time="3.036">
    <system-out><![CDATA[[INFO ] 2023-07-26 11:52:33.557 [main] BaseTest - Closing the Driver..........
[INFO ] 2023-07-26 11:52:34.494 [main] BaseTest - Initialize the Driver..........
[INFO ] 2023-07-26 11:52:37.091 [main] BaseTest - Opening the URL..........
[INFO ] 2023-07-26 11:52:44.248 [main] HomeTest - Women Button Test case
[INFO ] 2023-07-26 11:52:44.253 [main] HomePage - click on Women Button
]]></system-out>
    <system-err><![CDATA[Starting Microsoft Edge WebDriver 115.0.1901.183 (db29db5e66a28f9f889ff1962ead6e0c377200e0) on port 3014
To submit feedback, report a bug, or suggest new features, please visit https://github.com/MicrosoftEdge/EdgeWebDriver

Only local connections are allowed.
Please see https://aka.ms/WebDriverSecurity for suggestions on keeping Microsoft Edge WebDriver safe.

Microsoft Edge WebDriver was started successfully.
Jul 26, 2023 11:52:36 AM org.openqa.selenium.devtools.CdpVersionFinder findNearestMatch
WARNING: Unable to find an exact match for CDP version 115, so returning the closest version found: 111
]]></system-err>
  </testcase>
</testsuite>