<?xml version="1.0" encoding="UTF-8"?>
<!-- Generated by org.testng.reporters.JUnitReportReporter -->
<testsuite hostname="IN-PG02H7X8" failures="0" tests="3" name="com.magento.test.GearTest" time="51.738" errors="0" timestamp="2023-08-01T20:30:31 IST" skipped="0">
  <testcase classname="com.magento.test.GearTest" name="FitnessEquipmentButtonTest" time="18.539"/>
  <system-out/>
  <testcase classname="com.magento.test.GearTest" name="WatchesButtonTest" time="15.723"/>
  <system-out/>
  <testcase classname="com.magento.test.GearTest" name="BagButtonTest" time="17.476"/>
  <system-out/>
</testsuite> <!-- com.magento.test.GearTest -->
