<?xml version="1.0" encoding="UTF-8"?>
<!-- Generated by org.testng.reporters.JUnitReportReporter -->
<testsuite hostname="IN-PG02H7X8" failures="0" tests="4" name="com.magento.test.SearchTest" time="59.100" errors="0" timestamp="2023-08-01T20:30:31 IST" skipped="0">
  <testcase classname="com.magento.test.SearchTest" name="invalidSearchTest" time="13.807"/>
  <system-out/>
  <testcase classname="com.magento.test.SearchTest" name="validSearchTest" time="14.549"/>
  <system-out/>
  <testcase classname="com.magento.test.SearchTest" name="invalidSearchTest" time="14.354"/>
  <system-out/>
  <testcase classname="com.magento.test.SearchTest" name="validSearchTest" time="16.390"/>
  <system-out/>
</testsuite> <!-- com.magento.test.SearchTest -->
