<?xml version="1.0" encoding="UTF-8"?>
<!-- Generated by org.testng.reporters.JUnitReportReporter -->
<testsuite hostname="IN-PG02H7X8" failures="0" tests="2" name="com.magento.test.SaleTest" time="30.631" errors="0" timestamp="2023-08-01T20:30:31 IST" skipped="0">
  <testcase classname="com.magento.test.SaleTest" name="BagsLinkTest" time="16.039"/>
  <system-out/>
  <testcase classname="com.magento.test.SaleTest" name="FitnessEquipmentLinkTest" time="14.592"/>
  <system-out/>
</testsuite> <!-- com.magento.test.SaleTest -->
