<?xml version="1.0" encoding="UTF-8"?>
<!-- Generated by org.testng.reporters.JUnitReportReporter -->
<testsuite hostname="IN-PG02H7X8" failures="0" tests="1" name="com.magento.test.HomeTest" time="14.993" errors="0" timestamp="2023-08-10T00:22:45 IST" skipped="0">
  <testcase classname="com.magento.test.HomeTest" name="WomenButtonTest" time="14.993"/>
  <system-out/>
</testsuite> <!-- com.magento.test.HomeTest -->
