<?xml version="1.0" encoding="UTF-8"?>
<!-- Generated by org.testng.reporters.JUnitReportReporter -->
<testsuite hostname="IN-PG02H7X8" failures="0" tests="3" name="com.magento.test.GearTest" time="49.067" errors="0" timestamp="2023-08-10T21:32:54 IST" skipped="0">
  <testcase classname="com.magento.test.GearTest" name="FitnessEquipmentButtonTest" time="15.530"/>
  <system-out/>
  <testcase classname="com.magento.test.GearTest" name="BagButtonTest" time="15.349"/>
  <system-out/>
  <testcase classname="com.magento.test.GearTest" name="WatchesButtonTest" time="18.188"/>
  <system-out/>
</testsuite> <!-- com.magento.test.GearTest -->
