<?xml version="1.0" encoding="UTF-8"?>
<!-- Generated by org.testng.reporters.JUnitReportReporter -->
<testsuite hostname="IN-PG02H7X8" failures="0" tests="4" name="com.magento.test.SearchTest" time="75.021" errors="0" timestamp="2023-08-10T00:22:45 IST" skipped="0">
  <testcase classname="com.magento.test.SearchTest" name="invalidSearchTest" time="14.923"/>
  <system-out/>
  <testcase classname="com.magento.test.SearchTest" name="validSearchTest" time="24.953"/>
  <system-out/>
  <testcase classname="com.magento.test.SearchTest" name="invalidSearchTest" time="15.186"/>
  <system-out/>
  <testcase classname="com.magento.test.SearchTest" name="validSearchTest" time="19.959"/>
  <system-out/>
</testsuite> <!-- com.magento.test.SearchTest -->
