<?xml version="1.0" encoding="UTF-8"?>
<!-- Generated by org.testng.reporters.JUnitReportReporter -->
<testsuite skipped="0" hostname="IN-PG02H7X8" name="com.magento.test.SearchTest" tests="4" failures="0" timestamp="2023-07-26T11:52:49 IST" time="59.112" errors="0">
  <testcase name="invalidSearchTest" time="15.689" classname="com.magento.test.SearchTest"/>
  <system-out/>
  <testcase name="validSearchTest" time="12.293" classname="com.magento.test.SearchTest"/>
  <system-out/>
  <testcase name="validSearchTest" time="16.258" classname="com.magento.test.SearchTest"/>
  <system-out/>
  <testcase name="invalidSearchTest" time="14.872" classname="com.magento.test.SearchTest"/>
  <system-out/>
</testsuite> <!-- com.magento.test.SearchTest -->
