<?xml version="1.0" encoding="UTF-8"?>
<!-- Generated by org.testng.reporters.JUnitReportReporter -->
<testsuite hostname="IN-PG02H7X8" failures="0" tests="1" name="com.magento.test.HomeTest" time="17.344" errors="0" timestamp="2023-08-02T10:21:40 IST" skipped="0">
  <testcase classname="com.magento.test.HomeTest" name="WomenButtonTest" time="17.344"/>
  <system-out/>
</testsuite> <!-- com.magento.test.HomeTest -->
