<?xml version="1.0" encoding="UTF-8"?>
<!-- Generated by org.testng.reporters.JUnitReportReporter -->
<testsuite hostname="IN-PG02H7X8" failures="0" tests="2" name="com.magento.test.SaleTest" time="39.027" errors="0" timestamp="2023-08-02T10:21:40 IST" skipped="0">
  <testcase classname="com.magento.test.SaleTest" name="FitnessEquipmentLinkTest" time="18.591"/>
  <system-out/>
  <testcase classname="com.magento.test.SaleTest" name="BagsLinkTest" time="20.436"/>
  <system-out/>
</testsuite> <!-- com.magento.test.SaleTest -->
