<?xml version="1.0" encoding="UTF-8"?>
<!-- Generated by org.testng.reporters.JUnitReportReporter -->
<testsuite hostname="IN-PG02H7X8" failures="0" tests="4" name="com.magento.test.SearchTest" time="61.542" errors="0" timestamp="2023-08-02T10:21:40 IST" skipped="0">
  <testcase classname="com.magento.test.SearchTest" name="validSearchTest" time="16.371"/>
  <system-out/>
  <testcase classname="com.magento.test.SearchTest" name="invalidSearchTest" time="13.431"/>
  <system-out/>
  <testcase classname="com.magento.test.SearchTest" name="invalidSearchTest" time="15.151"/>
  <system-out/>
  <testcase classname="com.magento.test.SearchTest" name="validSearchTest" time="16.589"/>
  <system-out/>
</testsuite> <!-- com.magento.test.SearchTest -->
