<?xml version="1.0" encoding="UTF-8"?>
<!-- Generated by org.testng.reporters.JUnitReportReporter -->
<testsuite skipped="0" hostname="IN-PG02H7X8" name="com.magento.test.HomeTest" tests="1" failures="0" timestamp="2023-07-26T11:52:49 IST" time="13.860" errors="0">
  <testcase name="WomenButtonTest" time="13.860" classname="com.magento.test.HomeTest"/>
  <system-out/>
</testsuite> <!-- com.magento.test.HomeTest -->
