<?xml version="1.0" encoding="UTF-8"?>
<!-- Generated by org.testng.reporters.JUnitReportReporter -->
<testsuite hostname="IN-PG02H7X8" failures="0" tests="3" name="com.magento.test.GearTest" time="62.294" errors="0" timestamp="2023-08-02T12:33:03 IST" skipped="0">
  <testcase classname="com.magento.test.GearTest" name="FitnessEquipmentButtonTest" time="26.077"/>
  <system-out/>
  <testcase classname="com.magento.test.GearTest" name="WatchesButtonTest" time="18.449"/>
  <system-out/>
  <testcase classname="com.magento.test.GearTest" name="BagButtonTest" time="17.768"/>
  <system-out/>
</testsuite> <!-- com.magento.test.GearTest -->
