<?xml version="1.0" encoding="UTF-8"?>
<!-- Generated by org.testng.reporters.JUnitReportReporter -->
<testsuite skipped="0" hostname="IN-PG02H7X8" name="com.magento.test.SaleTest" tests="2" failures="0" timestamp="2023-07-26T11:52:49 IST" time="34.357" errors="0">
  <testcase name="BagsLinkTest" time="18.877" classname="com.magento.test.SaleTest"/>
  <system-out/>
  <testcase name="FitnessEquipmentLinkTest" time="15.480" classname="com.magento.test.SaleTest"/>
  <system-out/>
</testsuite> <!-- com.magento.test.SaleTest -->
