<?xml version="1.0" encoding="UTF-8"?>
<!-- Generated by org.testng.reporters.JUnitReportReporter -->
<testsuite hostname="IN-PG02H7X8" failures="0" tests="4" name="com.magento.test.SearchTest" time="62.230" errors="0" timestamp="2023-08-02T12:33:03 IST" skipped="0">
  <testcase classname="com.magento.test.SearchTest" name="invalidSearchTest" time="15.574"/>
  <system-out/>
  <testcase classname="com.magento.test.SearchTest" name="invalidSearchTest" time="14.620"/>
  <system-out/>
  <testcase classname="com.magento.test.SearchTest" name="validSearchTest" time="16.781"/>
  <system-out/>
  <testcase classname="com.magento.test.SearchTest" name="validSearchTest" time="15.255"/>
  <system-out/>
</testsuite> <!-- com.magento.test.SearchTest -->
