<?xml version="1.0" encoding="UTF-8"?>
<!-- Generated by org.testng.reporters.JUnitReportReporter -->
<testsuite hostname="IN-PG02H7X8" failures="0" tests="2" name="com.magento.test.SaleTest" time="28.252" errors="0" timestamp="2023-08-10T00:22:45 IST" skipped="0">
  <testcase classname="com.magento.test.SaleTest" name="FitnessEquipmentLinkTest" time="16.232"/>
  <system-out/>
  <testcase classname="com.magento.test.SaleTest" name="BagsLinkTest" time="12.020"/>
  <system-out/>
</testsuite> <!-- com.magento.test.SaleTest -->
