<?xml version="1.0" encoding="UTF-8"?>
<!-- Generated by org.testng.reporters.JUnitReportReporter -->
<testsuite hostname="IN-PG02H7X8" failures="0" tests="4" name="com.magento.test.SearchTest" time="67.476" errors="0" timestamp="2023-08-10T21:32:54 IST" skipped="0">
  <testcase classname="com.magento.test.SearchTest" name="invalidSearchTest" time="14.533"/>
  <system-out/>
  <testcase classname="com.magento.test.SearchTest" name="validSearchTest" time="14.438"/>
  <system-out/>
  <testcase classname="com.magento.test.SearchTest" name="validSearchTest" time="19.063"/>
  <system-out/>
  <testcase classname="com.magento.test.SearchTest" name="invalidSearchTest" time="19.442"/>
  <system-out/>
</testsuite> <!-- com.magento.test.SearchTest -->
