<?xml version="1.0" encoding="UTF-8"?>
<!-- Generated by org.testng.reporters.JUnitReportReporter -->
<testsuite hostname="IN-PG02H7X8" failures="0" tests="1" name="com.magento.test.HomeTest" time="12.306" errors="0" timestamp="2023-08-10T21:32:54 IST" skipped="0">
  <testcase classname="com.magento.test.HomeTest" name="WomenButtonTest" time="12.306"/>
  <system-out/>
</testsuite> <!-- com.magento.test.HomeTest -->
