<?xml version="1.0" encoding="UTF-8"?>
<!-- Generated by org.testng.reporters.JUnitReportReporter -->
<testsuite skipped="0" hostname="IN-PG02H7X8" name="com.magento.test.GearTest" tests="3" failures="0" timestamp="2023-07-26T11:52:49 IST" time="51.327" errors="0">
  <testcase name="BagButtonTest" time="16.966" classname="com.magento.test.GearTest"/>
  <system-out/>
  <testcase name="WatchesButtonTest" time="18.295" classname="com.magento.test.GearTest"/>
  <system-out/>
  <testcase name="FitnessEquipmentButtonTest" time="16.066" classname="com.magento.test.GearTest"/>
  <system-out/>
</testsuite> <!-- com.magento.test.GearTest -->
