<?xml version="1.0" encoding="UTF-8"?>
<!-- Generated by org.testng.reporters.JUnitReportReporter -->
<testsuite hostname="IN-PG02H7X8" failures="0" tests="3" name="com.magento.test.GearTest" time="51.628" errors="0" timestamp="2023-08-02T10:21:40 IST" skipped="0">
  <testcase classname="com.magento.test.GearTest" name="BagButtonTest" time="17.893"/>
  <system-out/>
  <testcase classname="com.magento.test.GearTest" name="FitnessEquipmentButtonTest" time="17.216"/>
  <system-out/>
  <testcase classname="com.magento.test.GearTest" name="WatchesButtonTest" time="16.519"/>
  <system-out/>
</testsuite> <!-- com.magento.test.GearTest -->
